wearable/build/intermediates/manifest_merge_blame_file/debug/processDebugMainManifest/manifest-merger-blame-debug-report.txt
1<?xml version="1.0" encoding="utf-8"?>
2<manifest xmlns:android="http://schemas.android.com/apk/res/android"
3    package="com.prpinfo.bancodesolucoes.wearable"
4    android:versionCode="2"
5    android:versionName="2.0" >
6
7    <uses-sdk
7-->INJECTED
8        android:minSdkVersion="26"
8-->INJECTED
9        android:targetSdkVersion="36" />
9-->INJECTED
10
11    <uses-feature android:name="android.hardware.type.watch" />
11-->src/main/AndroidManifest.xml:3:5-64
11-->src/main/AndroidManifest.xml:3:19-61
12
13    <uses-permission android:name="android.permission.INTERNET" />
13-->src/main/AndroidManifest.xml:4:5-67
13-->src/main/AndroidManifest.xml:4:22-64
14
15    <application
15-->src/main/AndroidManifest.xml:5:5-12:19
16        android:allowBackup="true"
16-->src/main/AndroidManifest.xml:5:18-44
17        android:appComponentFactory="androidx.core.app.CoreComponentFactory"
17-->[androidx.core:core:1.6.0] AndroidManifest.xml:24:18-86
18        android:debuggable="true"
19        android:extractNativeLibs="false"
19-->INJECTED
20        android:icon="@drawable/ic_launcher"
20-->src/main/AndroidManifest.xml:5:45-81
21        android:label="@string/app_name"
21-->src/main/AndroidManifest.xml:5:82-114
22        android:testOnly="true"
23        android:theme="@style/AppTheme"
23-->src/main/AndroidManifest.xml:5:115-146
24        android:usesCleartextTraffic="false" >
24-->src/main/AndroidManifest.xml:5:147-183
25        <activity
25-->src/main/AndroidManifest.xml:6:9-11:20
26            android:name="com.prpinfo.bancodesolucoes.wearable.MainActivity"
26-->src/main/AndroidManifest.xml:6:19-47
27            android:exported="true" >
27-->src/main/AndroidManifest.xml:6:48-71
28            <intent-filter>
28-->src/main/AndroidManifest.xml:7:13-10:29
29                <action android:name="android.intent.action.MAIN" />
29-->src/main/AndroidManifest.xml:8:17-69
29-->src/main/AndroidManifest.xml:8:25-66
30
31                <category android:name="android.intent.category.LAUNCHER" />
31-->src/main/AndroidManifest.xml:9:17-77
31-->src/main/AndroidManifest.xml:9:27-74
32            </intent-filter>
33        </activity>
34
35        <uses-library
35-->[androidx.wear:wear:1.3.0] AndroidManifest.xml:23:9-25:40
36            android:name="com.google.android.wearable"
36-->[androidx.wear:wear:1.3.0] AndroidManifest.xml:24:13-55
37            android:required="false" />
37-->[androidx.wear:wear:1.3.0] AndroidManifest.xml:25:13-37
38    </application>
39
40</manifest>